<?xml version="1.0" encoding="UTF-8"?>
<!-- Generated by org.testng.reporters.JUnitReportReporter -->
<testsuite skipped="0" hostname="INCNU4139Z0T" name="Academy.validateNavigationBar" tests="1" failures="0" timestamp="08 Apr 2019 06:18:38 GMT" time="3.286" errors="0">
  <testcase name="validateAppNavBar" time="3.286" classname="Academy.validateNavigationBar"/>
</testsuite> <!-- Academy.validateNavigationBar -->
