<?xml version="1.0" encoding="UTF-8"?>
<!-- Generated by org.testng.reporters.JUnitReportReporter -->
<testsuite skipped="0" hostname="INCNU4139Z0T" name="Academy.HomePage" tests="2" failures="0" timestamp="08 Apr 2019 06:18:38 GMT" time="66.008" errors="0">
  <testcase name="basePageNavigation" time="40.475" classname="Academy.HomePage"/>
  <testcase name="basePageNavigation" time="25.533" classname="Academy.HomePage"/>
</testsuite> <!-- Academy.HomePage -->
