<?xml version="1.0" encoding="UTF-8"?>
<!-- Generated by org.testng.reporters.JUnitReportReporter -->
<testsuite skipped="0" hostname="INCNU4139Z0T" name="Academy.validateNavigationBar" tests="1" failures="0" timestamp="05 Apr 2019 10:21:45 GMT" time="3.356" errors="0">
  <testcase name="validateAppNavBar" time="3.356" classname="Academy.validateNavigationBar"/>
</testsuite> <!-- Academy.validateNavigationBar -->
